#
# There is insufficient memory for the Java Runtime Environment to continue.
# Native memory allocation (mmap) failed to map 65536 bytes for Failed to commit area from 0x0000023b51100000 to 0x0000023b51110000 of length 65536.
# Possible reasons:
#   The system is out of physical RAM or swap space
#   The process is running with CompressedOops enabled, and the Java Heap may be blocking the growth of the native heap
# Possible solutions:
#   Reduce memory load on the system
#   Increase physical memory or swap space
#   Check if swap backing store is full
#   Decrease Java heap size (-Xmx/-Xms)
#   Decrease number of Java threads
#   Decrease Java thread stack sizes (-Xss)
#   Set larger code cache with -XX:ReservedCodeCacheSize=
# This output file may be truncated or incomplete.
#
#  Out of Memory Error (c:/BuildAgent/work/5ff2f6c26000d570/src/hotspot/os/windows/os_windows.cpp:3291), pid=17460, tid=10452
#
# JRE version:  (11.0.5+10) (build )
# Java VM: OpenJDK 64-Bit Server VM (11.0.5+10-b520.30, mixed mode, aot, sharing, tiered, compressed oops, g1 gc, windows-amd64)
# No core dump will be written. Minidumps are not enabled by default on client versions of Windows
#

---------------  S U M M A R Y ------------

Command Line: -XX:TieredStopAtLevel=1 -Xverify:none -Dspring.output.ansi.enabled=always -Dcom.sun.management.jmxremote -Dspring.jmx.enabled=true -Dspring.liveBeansView.mbeanDomain -Dspring.application.admin.enabled=true -javaagent:C:\Program Files\JetBrains\IntelliJ IDEA 2019.3.2\lib\idea_rt.jar=52552:C:\Program Files\JetBrains\IntelliJ IDEA 2019.3.2\bin -Dfile.encoding=UTF-8 guru.springframework.spring5webapp.Spring5webappApplication

Host: Intel(R) Core(TM) i7-9750H CPU @ 2.60GHz, 12 cores, 15G,  Windows 10 , 64 bit Build 18362 (10.0.18362.329)
Time: Sat Feb  8 19:55:36 2020 AUS Eastern Daylight Time elapsed time: 0 seconds (0d 0h 0m 0s)

---------------  T H R E A D  ---------------

Current thread (0x0000023b3cac6800):  JavaThread "Unknown thread" [_thread_in_vm, id=10452, stack(0x000000835ca00000,0x000000835cb00000)]

Stack: [0x000000835ca00000,0x000000835cb00000]
Native frames: (J=compiled Java code, j=interpreted, Vv=VM code, C=native code)
V  [jvm.dll+0x5dcafa]
V  [jvm.dll+0x70e375]
V  [jvm.dll+0x70f898]
V  [jvm.dll+0x70ff63]
V  [jvm.dll+0x23e238]
V  [jvm.dll+0x5da1c4]
V  [jvm.dll+0x5cf265]
V  [jvm.dll+0x2fac3b]
V  [jvm.dll+0x2fabaa]
V  [jvm.dll+0x2faa82]
V  [jvm.dll+0x2ffa65]
V  [jvm.dll+0x3487d6]
V  [jvm.dll+0x3481d3]
V  [jvm.dll+0x2d5548]
V  [jvm.dll+0x2d66e7]
V  [jvm.dll+0x6ed237]
V  [jvm.dll+0x6eea2c]
V  [jvm.dll+0x355849]
V  [jvm.dll+0x6d239e]
V  [jvm.dll+0x3be283]
V  [jvm.dll+0x3c0701]
C  [jli.dll+0x5363]
C  [ucrtbase.dll+0x20e72]
C  [KERNEL32.DLL+0x17bd4]
C  [ntdll.dll+0x6ced1]


---------------  P R O C E S S  ---------------

Threads class SMR info:
_java_thread_list=0x0000023b3a9ae0f0, length=0, elements={
}

Java Threads: ( => current thread )

Other Threads:
  0x0000023b3cae0000 GCTaskThread "GC Thread#0" [stack: 0x000000835cb00000,0x000000835cc00000] [id=18328]
  0x0000023b3cb3e000 ConcurrentGCThread "G1 Main Marker" [stack: 0x000000835cc00000,0x000000835cd00000] [id=27800]
  0x0000023b3cb3f800 ConcurrentGCThread "G1 Conc#0" [stack: 0x000000835cd00000,0x000000835ce00000] [id=18552]

[error occurred during error reporting (printing all threads), id 0xc0000005, EXCEPTION_ACCESS_VIOLATION (0xc0000005) at pc=0x00007ffd54885c17]

VM state:not at safepoint (not fully initialized)

VM Mutex/Monitor currently owned by a thread:  ([mutex/lock_event])
[0x0000023b3cac28e0] Heap_lock - owner thread: 0x0000023b3cac6800

Heap address: 0x0000000703000000, size: 4048 MB, Compressed Oops mode: Non-zero based: 0x0000000703000000
Narrow klass base: 0x0000000000000000, Narrow klass shift: 0

GC Heap History (0 events):
No events

Deoptimization events (0 events):
No events

Classes redefined (0 events):
No events

Internal exceptions (0 events):
No events

Events (0 events):
No events


Dynamic libraries:
0x00007ff7d2890000 - 0x00007ff7d289a000 	C:\Program Files\JetBrains\IntelliJ IDEA 2019.3.2\jbr\bin\java.exe
0x00007ffd9c6c0000 - 0x00007ffd9c8b0000 	C:\Windows\SYSTEM32\ntdll.dll
0x00007ffd9a8c0000 - 0x00007ffd9a972000 	C:\Windows\System32\KERNEL32.DLL
0x00007ffd9a210000 - 0x00007ffd9a4b3000 	C:\Windows\System32\KERNELBASE.dll
0x00007ffd99770000 - 0x00007ffd9986a000 	C:\Windows\System32\ucrtbase.dll
0x00007ffd977a0000 - 0x00007ffd977b9000 	C:\Program Files\JetBrains\IntelliJ IDEA 2019.3.2\jbr\bin\jli.dll
0x00007ffd94ca0000 - 0x00007ffd94cb7000 	C:\Program Files\JetBrains\IntelliJ IDEA 2019.3.2\jbr\bin\VCRUNTIME140.dll
0x00007ffd9ac80000 - 0x00007ffd9ae14000 	C:\Windows\System32\USER32.dll
0x00007ffd9a710000 - 0x00007ffd9a731000 	C:\Windows\System32\win32u.dll
0x00007ffd89c30000 - 0x00007ffd89eb5000 	C:\Windows\WinSxS\amd64_microsoft.windows.common-controls_6595b64144ccf1df_6.0.18362.628_none_e6c6b62f130d50fc\COMCTL32.dll
0x00007ffd9c0e0000 - 0x00007ffd9c106000 	C:\Windows\System32\GDI32.dll
0x00007ffd9abd0000 - 0x00007ffd9ac6e000 	C:\Windows\System32\msvcrt.dll
0x00007ffd998f0000 - 0x00007ffd99a84000 	C:\Windows\System32\gdi32full.dll
0x00007ffd9b4a0000 - 0x00007ffd9b7d6000 	C:\Windows\System32\combase.dll
0x00007ffd9a670000 - 0x00007ffd9a70e000 	C:\Windows\System32\msvcp_win.dll
0x00007ffd9a9e0000 - 0x00007ffd9ab00000 	C:\Windows\System32\RPCRT4.dll
0x00007ffd9a4e0000 - 0x00007ffd9a560000 	C:\Windows\System32\bcryptPrimitives.dll
0x00007ffd9b870000 - 0x00007ffd9b89e000 	C:\Windows\System32\IMM32.DLL
0x00007ffd87350000 - 0x00007ffd873ed000 	C:\Program Files\JetBrains\IntelliJ IDEA 2019.3.2\jbr\bin\msvcp140.dll
0x00007ffd545a0000 - 0x00007ffd5505b000 	C:\Program Files\JetBrains\IntelliJ IDEA 2019.3.2\jbr\bin\server\jvm.dll
0x00007ffd9ae80000 - 0x00007ffd9af23000 	C:\Windows\System32\ADVAPI32.dll
0x00007ffd9bf90000 - 0x00007ffd9c027000 	C:\Windows\System32\sechost.dll
0x00007ffd9b860000 - 0x00007ffd9b868000 	C:\Windows\System32\PSAPI.DLL
0x00007ffd976c0000 - 0x00007ffd976e4000 	C:\Windows\SYSTEM32\WINMM.dll
0x00007ffd81ef0000 - 0x00007ffd81ef9000 	C:\Windows\SYSTEM32\WSOCK32.dll
0x00007ffd93fe0000 - 0x00007ffd93fea000 	C:\Windows\SYSTEM32\VERSION.dll
0x00007ffd9b250000 - 0x00007ffd9b2bf000 	C:\Windows\System32\WS2_32.dll
0x00007ffd97610000 - 0x00007ffd9763d000 	C:\Windows\SYSTEM32\WINMMBASE.dll
0x00007ffd998a0000 - 0x00007ffd998ea000 	C:\Windows\System32\cfgmgr32.dll
0x00007ffd99600000 - 0x00007ffd99611000 	C:\Windows\System32\kernel.appcore.dll
0x00007ffd95df0000 - 0x00007ffd95e01000 	C:\Program Files\JetBrains\IntelliJ IDEA 2019.3.2\jbr\bin\verify.dll
0x00007ffd81590000 - 0x00007ffd81784000 	C:\Windows\SYSTEM32\DBGHELP.DLL
0x00007ffd81150000 - 0x00007ffd8117a000 	C:\Windows\SYSTEM32\dbgcore.DLL
0x00007ffd8e730000 - 0x00007ffd8e759000 	C:\Program Files\JetBrains\IntelliJ IDEA 2019.3.2\jbr\bin\java.dll
0x00007ffd97790000 - 0x00007ffd9779f000 	C:\Program Files\JetBrains\IntelliJ IDEA 2019.3.2\jbr\bin\instrument.dll
0x00007ffd950e0000 - 0x00007ffd950f7000 	C:\Program Files\JetBrains\IntelliJ IDEA 2019.3.2\jbr\bin\zip.dll
0x00007ffd95dd0000 - 0x00007ffd95ddb000 	C:\Program Files\JetBrains\IntelliJ IDEA 2019.3.2\jbr\bin\jimage.dll

dbghelp: loaded successfully - version: 4.0.5 - missing functions: none
symbol engine: initialized successfully - sym options: 0x614 - pdb path: .;C:\Program Files\JetBrains\IntelliJ IDEA 2019.3.2\jbr\bin;C:\Windows\SYSTEM32;C:\Windows\WinSxS\amd64_microsoft.windows.common-controls_6595b64144ccf1df_6.0.18362.628_none_e6c6b62f130d50fc;C:\Program Files\JetBrains\IntelliJ IDEA 2019.3.2\jbr\bin\server

VM Arguments:
jvm_args: -XX:TieredStopAtLevel=1 -Xverify:none -Dspring.output.ansi.enabled=always -Dcom.sun.management.jmxremote -Dspring.jmx.enabled=true -Dspring.liveBeansView.mbeanDomain -Dspring.application.admin.enabled=true -javaagent:C:\Program Files\JetBrains\IntelliJ IDEA 2019.3.2\lib\idea_rt.jar=52552:C:\Program Files\JetBrains\IntelliJ IDEA 2019.3.2\bin -Dfile.encoding=UTF-8 
java_command: guru.springframework.spring5webapp.Spring5webappApplication
java_class_path (initial): C:\Vivek\Training 2020\Spring\spring5webapp\target\classes;C:\Users\Vivek\.m2\repository\org\springframework\boot\spring-boot-starter-data-jpa\2.2.4.RELEASE\spring-boot-starter-data-jpa-2.2.4.RELEASE.jar;C:\Users\Vivek\.m2\repository\org\springframework\boot\spring-boot-starter-aop\2.2.4.RELEASE\spring-boot-starter-aop-2.2.4.RELEASE.jar;C:\Users\Vivek\.m2\repository\org\springframework\spring-aop\5.2.3.RELEASE\spring-aop-5.2.3.RELEASE.jar;C:\Users\Vivek\.m2\repository\org\aspectj\aspectjweaver\1.9.5\aspectjweaver-1.9.5.jar;C:\Users\Vivek\.m2\repository\org\springframework\boot\spring-boot-starter-jdbc\2.2.4.RELEASE\spring-boot-starter-jdbc-2.2.4.RELEASE.jar;C:\Users\Vivek\.m2\repository\com\zaxxer\HikariCP\3.4.2\HikariCP-3.4.2.jar;C:\Users\Vivek\.m2\repository\org\springframework\spring-jdbc\5.2.3.RELEASE\spring-jdbc-5.2.3.RELEASE.jar;C:\Users\Vivek\.m2\repository\jakarta\activation\jakarta.activation-api\1.2.1\jakarta.activation-api-1.2.1.jar;C:\Users\Vivek\.m2\repository\jakarta\persistence\jakarta.persistence-api\2.2.3\jakarta.persistence-api-2.2.3.jar;C:\Users\Vivek\.m2\repository\jakarta\transaction\jakarta.transaction-api\1.3.3\jakarta.transaction-api-1.3.3.jar;C:\Users\Vivek\.m2\repository\org\hibernate\hibernate-core\5.4.10.Final\hibernate-core-5.4.10.Final.jar;C:\Users\Vivek\.m2\repository\org\jboss\logging\jboss-logging\3.4.1.Final\jboss-logging-3.4.1.Final.jar;C:\Users\Vivek\.m2\repository\org\javassist\javassist\3.24.0-GA\javassist-3.24.0-GA.jar;C:\Users\Vivek\.m2\repository\net\bytebuddy\byte-buddy\1.10.6\byte-buddy-1.10.6.jar;C:\Users\Vivek\.m2\repository\antlr\antlr\2.7.7\antlr-2.7.7.jar;C:\Users\Vivek\.m2\repository\org\jboss\jandex\2.1.1.Final\jandex-2.1.1.Final.jar;C:\Users\Vivek\.m2\repository\com\fasterxml\classmate\1.5.1\classmate-1.5.1.jar;C:\Users\Vivek\.m2\repository\org\dom4j\dom4j\2.1.1\dom4j-2.1.1.jar;C:\Users\Vivek\.m2\repository\org\hibernate\common\hibernate-commons-annotations\5.1.0.Final\hibernate-commons-
Launcher Type: SUN_STANDARD

[Global flags]
     bool BytecodeVerificationLocal                = false                                     {product} {command line}
     bool BytecodeVerificationRemote               = false                                     {product} {command line}
     intx CICompilerCount                          = 4                                         {product} {ergonomic}
     uint ConcGCThreads                            = 3                                         {product} {ergonomic}
     uint G1ConcRefinementThreads                  = 10                                        {product} {ergonomic}
   size_t G1HeapRegionSize                         = 1048576                                   {product} {ergonomic}
    uintx GCDrainStackTargetSize                   = 64                                        {product} {ergonomic}
   size_t InitialHeapSize                          = 266338304                                 {product} {ergonomic}
     bool ManagementServer                         = true                                      {product} {command line}
   size_t MarkStackSize                            = 4194304                                   {product} {ergonomic}
   size_t MaxHeapSize                              = 4244635648                                {product} {ergonomic}
   size_t MinHeapDeltaBytes                        = 1048576                                   {product} {ergonomic}
    uintx NonNMethodCodeHeapSize                   = 7549744                                {pd product} {ergonomic}
    uintx NonProfiledCodeHeapSize                  = 244108496                              {pd product} {ergonomic}
    uintx ProfiledCodeHeapSize                     = 0                                      {pd product} {ergonomic}
    uintx ReservedCodeCacheSize                    = 251658240                              {pd product} {ergonomic}
     bool SegmentedCodeCache                       = true                                      {product} {ergonomic}
     intx TieredStopAtLevel                        = 1                                         {product} {command line}
     bool UseCompressedClassPointers               = true                                 {lp64_product} {ergonomic}
     bool UseCompressedOops                        = true                                 {lp64_product} {ergonomic}
     bool UseG1GC                                  = true                                      {product} {ergonomic}
     bool UseLargePagesIndividualAllocation        = false                                  {pd product} {ergonomic}

Logging:
Log output configuration:
 #0: stdout all=warning uptime,level,tags
 #1: stderr all=off uptime,level,tags

Environment Variables:
JAVA_HOME=C:\Program Files\Java\jdk-11.0.6\
PATH=C:\Windows\system32;C:\Windows;C:\Windows\System32\Wbem;C:\Windows\System32\WindowsPowerShell\v1.0\;C:\Windows\System32\OpenSSH\;C:\Program Files (x86)\NVIDIA Corporation\PhysX\Common;C:\Program Files\NVIDIA Corporation\NVIDIA NvDLISR;C:\Program Files\Intel\WiFi\bin\;C:\Program Files\Common Files\Intel\WirelessCommon\;C:\Users\Vivek\AppData\Local\Microsoft\WindowsApps;C:\Program Files\Intel\WiFi\bin\;C:\Program Files\Common Files\Intel\WirelessCommon\;C:\Program Files\Java\jdk-11.0.6\bin\;C:\Vivek\Latest\apache-maven-3.6.3\bin\;C:\Vivek\Latest\gradle-6.1.1\bin\;
USERNAME=Vivek
OS=Windows_NT
PROCESSOR_IDENTIFIER=Intel64 Family 6 Model 158 Stepping 10, GenuineIntel



---------------  S Y S T E M  ---------------

OS: Windows 10 , 64 bit Build 18362 (10.0.18362.329)

CPU:total 12 (initial active 12) (6 cores per cpu, 2 threads per core) family 6 model 158 stepping 10, cmov, cx8, fxsr, mmx, sse, sse2, sse3, ssse3, sse4.1, sse4.2, popcnt, avx, avx2, aes, clmul, erms, 3dnowpref, lzcnt, ht, tsc, tscinvbit, bmi1, bmi2, adx, fma

Memory: 4k page, system-wide physical 16187M (5406M free)
TotalPageFile size 65339M (AvailPageFile size 4M)
current process WorkingSet (physical memory assigned to process): 18M, peak: 18M
current process commit charge ("private bytes"): 326M, peak: 326M

vm_info: OpenJDK 64-Bit Server VM (11.0.5+10-b520.30) for windows-amd64 JRE (11.0.5+10-b520.30), built on Dec 24 2019 12:06:09 by "" with MS VC++ 14.0 (VS2015)

END.
